Using pre-set license
Built from '2020.3/staging' branch; Version is '2020.3.19f1 (68f137dc9bbe) revision 6877495'; Using compiler version '192528614'; Build Type 'Release'
OS: 'Windows 10 Pro; OS build 19043.1288; Version 2009; 64bit' Language: 'es' Physical Memory: 16342 MB
BatchMode: 1, IsHumanControllingUs: 0, StartBugReporterOnCrash: 0, Is64bit: 1, IsPro: 0

COMMAND LINE ARGUMENTS:
C:\Program Files\Unity\Hub\Editor\2020.3.19f1\Editor\Unity.exe
-adb2
-batchMode
-noUpm
-name
AssetImportWorker0
-projectPath
D:/marta_cirer/unity/entregable1/entregable1_marta_cirer
-logFile
Logs/AssetImportWorker0.log
-srvPort
59058
Successfully changed project path to: D:/marta_cirer/unity/entregable1/entregable1_marta_cirer
D:/marta_cirer/unity/entregable1/entregable1_marta_cirer
Using Asset Import Pipeline V2.
Refreshing native plugins compatible for Editor in 32.91 ms, found 2 plugins.
Preloading 0 native plugins for Editor in 0.00 ms.
Initialize engine version: 2020.3.19f1 (68f137dc9bbe)
[Subsystems] Discovering subsystems at path C:/Program Files/Unity/Hub/Editor/2020.3.19f1/Editor/Data/Resources/UnitySubsystems
[Subsystems] Discovering subsystems at path D:/marta_cirer/unity/entregable1/entregable1_marta_cirer/Assets
GfxDevice: creating device client; threaded=0
Direct3D:
    Version:  Direct3D 11.0 [level 11.1]
    Renderer: NVIDIA GeForce GTX 1050 Ti (ID=0x1c82)
    Vendor:   
    VRAM:     4018 MB
    Driver:   27.21.14.5671
Initialize mono
Mono path[0] = 'C:/Program Files/Unity/Hub/Editor/2020.3.19f1/Editor/Data/Managed'
Mono path[1] = 'C:/Program Files/Unity/Hub/Editor/2020.3.19f1/Editor/Data/MonoBleedingEdge/lib/mono/unityjit'
Mono config path = 'C:/Program Files/Unity/Hub/Editor/2020.3.19f1/Editor/Data/MonoBleedingEdge/etc'
Using monoOptions --debugger-agent=transport=dt_socket,embedding=1,server=y,suspend=n,address=127.0.0.1:56404
Begin MonoManager ReloadAssembly
Registering precompiled unity dll's ...
Register platform support module: C:/Program Files/Unity/Hub/Editor/2020.3.19f1/Editor/Data/PlaybackEngines/WindowsStandaloneSupport/UnityEditor.WindowsStandalone.Extensions.dll
Registered in 0.002380 seconds.
Native extension for WindowsStandalone target not found
Refreshing native plugins compatible for Editor in 31.22 ms, found 2 plugins.
Preloading 0 native plugins for Editor in 0.00 ms.
Mono: successfully reloaded assembly
- Completed reload, in  1.209 seconds
Domain Reload Profiling:
	ReloadAssembly (1209ms)
		BeginReloadAssembly (59ms)
			ExecutionOrderSort (0ms)
			DisableScriptedObjects (0ms)
			BackupInstance (0ms)
			ReleaseScriptingObjects (0ms)
			CreateAndSetChildDomain (1ms)
		EndReloadAssembly (467ms)
			LoadAssemblies (57ms)
			RebuildTransferFunctionScriptingTraits (0ms)
			SetupTypeCache (179ms)
			ReleaseScriptCaches (0ms)
			RebuildScriptCaches (34ms)
			SetupLoadedEditorAssemblies (178ms)
				LogAssemblyErrors (0ms)
				InitializePlatformSupportModulesInManaged (4ms)
				SetLoadedEditorAssemblies (0ms)
				RefreshPlugins (31ms)
				BeforeProcessingInitializeOnLoad (10ms)
				ProcessInitializeOnLoadAttributes (97ms)
				ProcessInitializeOnLoadMethodAttributes (35ms)
				AfterProcessingInitializeOnLoad (0ms)
				EditorAssembliesLoaded (0ms)
			ExecutionOrderSort2 (0ms)
			AwakeInstancesAfterBackupRestoration (0ms)
Platform modules already initialized, skipping
Registering precompiled user dll's ...
Registered in 0.003367 seconds.
Begin MonoManager ReloadAssembly
Native extension for WindowsStandalone target not found
Refreshing native plugins compatible for Editor in 0.30 ms, found 2 plugins.
Preloading 0 native plugins for Editor in 0.00 ms.
Mono: successfully reloaded assembly
- Completed reload, in  1.130 seconds
Domain Reload Profiling:
	ReloadAssembly (1130ms)
		BeginReloadAssembly (163ms)
			ExecutionOrderSort (0ms)
			DisableScriptedObjects (6ms)
			BackupInstance (0ms)
			ReleaseScriptingObjects (0ms)
			CreateAndSetChildDomain (20ms)
		EndReloadAssembly (895ms)
			LoadAssemblies (98ms)
			RebuildTransferFunctionScriptingTraits (0ms)
			SetupTypeCache (317ms)
			ReleaseScriptCaches (0ms)
			RebuildScriptCaches (46ms)
			SetupLoadedEditorAssemblies (326ms)
				LogAssemblyErrors (0ms)
				InitializePlatformSupportModulesInManaged (6ms)
				SetLoadedEditorAssemblies (0ms)
				RefreshPlugins (0ms)
				BeforeProcessingInitializeOnLoad (57ms)
				ProcessInitializeOnLoadAttributes (251ms)
				ProcessInitializeOnLoadMethodAttributes (5ms)
				AfterProcessingInitializeOnLoad (6ms)
				EditorAssembliesLoaded (0ms)
			ExecutionOrderSort2 (0ms)
			AwakeInstancesAfterBackupRestoration (8ms)
Platform modules already initialized, skipping
========================================================================
Worker process is ready to serve import requests
Launched and connected shader compiler UnityShaderCompiler.exe after 0.05 seconds
Refreshing native plugins compatible for Editor in 0.32 ms, found 2 plugins.
Preloading 0 native plugins for Editor in 0.00 ms.
Unloading 1397 Unused Serialized files (Serialized files now loaded: 0)
System memory in use before: 64.8 MB.
System memory in use after: 64.9 MB.

Unloading 16 unused Assets to reduce memory usage. Loaded Objects now: 1832.
Total: 3.444900 ms (FindLiveObjects: 0.138400 ms CreateObjectMapping: 0.045800 ms MarkObjects: 3.138900 ms  DeleteObjects: 0.120700 ms)

AssetImportParameters requested are different than current active one (requested -> active):
  custom:framework-win-MediaFoundation: 216162199b28c13a410421893ffa2e32 -> 
  custom:video-decoder-ogg-theora: a1e56fd34408186e4bbccfd4996cb3dc -> 
  custom:container-muxer-webm: aa71ff27fc2769a1b78a27578f13a17b -> 
  custom:container-demuxer-webm: 4f35f7cbe854078d1ac9338744f61a02 -> 
  custom:container-demuxer-ogg: 62fdf1f143b41e24485cea50d1cbac27 -> 
  custom:video-encoder-webm-vp8: eb34c28f22e8b96e1ab97ce403110664 -> 
  custom:video-decoder-webm-vp8: 9c59270c3fd7afecdb556c50c9e8de78 -> 
  custom:audio-decoder-ogg-vorbis: bf7c407c2cedff20999df2af8eb42d56 -> 
  custom:audio-encoder-webm-vorbis: bf7c407c2cedff20999df2af8eb42d56 -> 
========================================================================
Received Import Request.
  path: Assets/texture/143029f230d1666bf71ac9a8bff00caa1c6c916f_2_500x500.png
  artifactKey: Guid(50bb9b2ed86f9094b9e7e155c8516f6b) Importer(815301076,1909f56bfc062723c751e8b465ee728b)
Start importing Assets/texture/143029f230d1666bf71ac9a8bff00caa1c6c916f_2_500x500.png using Guid(50bb9b2ed86f9094b9e7e155c8516f6b) Importer(815301076,1909f56bfc062723c751e8b465ee728b)  -> (artifact id: '0f8a9fcf8f230aabee34509b51e5f9db') in 0.065170 seconds 
  Import took 0.067466 seconds .

========================================================================
Received Import Request.
  Time since last request: 40.994945 seconds.
  path: Assets/material/negro_mat.mat
  artifactKey: Guid(9bac4f3da27b9854bac3c3cb17c141de) Importer(815301076,1909f56bfc062723c751e8b465ee728b)
Start importing Assets/material/negro_mat.mat using Guid(9bac4f3da27b9854bac3c3cb17c141de) Importer(815301076,1909f56bfc062723c751e8b465ee728b)  -> (artifact id: 'bd164b6d2f442916be3eed8f2303d67a') in 0.068017 seconds 
  Import took 0.070982 seconds .

========================================================================
Received Import Request.
  Time since last request: 41.615653 seconds.
  path: Assets/material/New Material.mat
  artifactKey: Guid(6372a19b0de0c954a918204acf2f73ea) Importer(815301076,1909f56bfc062723c751e8b465ee728b)
Start importing Assets/material/New Material.mat using Guid(6372a19b0de0c954a918204acf2f73ea) Importer(815301076,1909f56bfc062723c751e8b465ee728b)  -> (artifact id: '4610bd48f66cb0839ebd87c8942447b6') in 0.017862 seconds 
  Import took 0.020499 seconds .

========================================================================
Received Import Request.
  Time since last request: 18.042307 seconds.
  path: Assets/material/transaparent.mat
  artifactKey: Guid(6372a19b0de0c954a918204acf2f73ea) Importer(815301076,1909f56bfc062723c751e8b465ee728b)
Start importing Assets/material/transaparent.mat using Guid(6372a19b0de0c954a918204acf2f73ea) Importer(815301076,1909f56bfc062723c751e8b465ee728b)  -> (artifact id: '9b83a7cb14187b72a42ca0323816e69a') in 0.010788 seconds 
  Import took 0.013515 seconds .

========================================================================
Received Import Request.
  Time since last request: 155.014412 seconds.
  path: Assets/prefab/prefab player.prefab
  artifactKey: Guid(7c367f270008e2549b4694c309ce952a) Importer(815301076,1909f56bfc062723c751e8b465ee728b)
Start importing Assets/prefab/prefab player.prefab using Guid(7c367f270008e2549b4694c309ce952a) Importer(815301076,1909f56bfc062723c751e8b465ee728b)  -> (artifact id: 'ef9f23280180add1141f0dcd6afd4393') in 0.013474 seconds 
  Import took 0.016765 seconds .

========================================================================
Received Import Request.
  Time since last request: 18.412239 seconds.
  path: Assets/prefab/prefab variant.prefab
  artifactKey: Guid(ef3c28ce524c36e4ba0f386c2e5fdfa7) Importer(815301076,1909f56bfc062723c751e8b465ee728b)
Start importing Assets/prefab/prefab variant.prefab using Guid(ef3c28ce524c36e4ba0f386c2e5fdfa7) Importer(815301076,1909f56bfc062723c751e8b465ee728b)  -> (artifact id: '80c3952afd1d3127fe68c628a948f642') in 0.004675 seconds 
  Import took 0.007859 seconds .

========================================================================
Received Import Request.
  Time since last request: 579.900908 seconds.
  path: Assets/material/azul.mat
  artifactKey: Guid(deebe781586e8fa46839f07f0c0e6f0a) Importer(815301076,1909f56bfc062723c751e8b465ee728b)
Start importing Assets/material/azul.mat using Guid(deebe781586e8fa46839f07f0c0e6f0a) Importer(815301076,1909f56bfc062723c751e8b465ee728b)  -> (artifact id: 'b4e9b1aad211d482f64db52d6e516f94') in 0.023681 seconds 
  Import took 0.029418 seconds .

========================================================================
Received Import Request.
  Time since last request: 51.244044 seconds.
  path: Assets/material/New Material.mat
  artifactKey: Guid(4d4a1043e9d4fa24b90e95b7c5d1eaf2) Importer(815301076,1909f56bfc062723c751e8b465ee728b)
Start importing Assets/material/New Material.mat using Guid(4d4a1043e9d4fa24b90e95b7c5d1eaf2) Importer(815301076,1909f56bfc062723c751e8b465ee728b)  -> (artifact id: 'ca541065898255510d19dca76d1283b9') in 0.014784 seconds 
  Import took 0.022756 seconds .

========================================================================
Received Import Request.
  Time since last request: 6.310581 seconds.
  path: Assets/material/azul_mat.mat
  artifactKey: Guid(deebe781586e8fa46839f07f0c0e6f0a) Importer(815301076,1909f56bfc062723c751e8b465ee728b)
Start importing Assets/material/azul_mat.mat using Guid(deebe781586e8fa46839f07f0c0e6f0a) Importer(815301076,1909f56bfc062723c751e8b465ee728b)  -> (artifact id: '8a507c363cd4408544951ba10c4244cd') in 0.017431 seconds 
  Import took 0.025388 seconds .

========================================================================
Received Import Request.
  Time since last request: 7.299810 seconds.
  path: Assets/material/transaparent_mat.mat
  artifactKey: Guid(6372a19b0de0c954a918204acf2f73ea) Importer(815301076,1909f56bfc062723c751e8b465ee728b)
Start importing Assets/material/transaparent_mat.mat using Guid(6372a19b0de0c954a918204acf2f73ea) Importer(815301076,1909f56bfc062723c751e8b465ee728b)  -> (artifact id: 'c0cd7b8bb844666b3971e0b23426aded') in 0.024825 seconds 
  Import took 0.029362 seconds .

========================================================================
Received Import Request.
  Time since last request: 19.164708 seconds.
  path: Assets/material/rojo_sangre_mat.mat
  artifactKey: Guid(4d4a1043e9d4fa24b90e95b7c5d1eaf2) Importer(815301076,1909f56bfc062723c751e8b465ee728b)
Start importing Assets/material/rojo_sangre_mat.mat using Guid(4d4a1043e9d4fa24b90e95b7c5d1eaf2) Importer(815301076,1909f56bfc062723c751e8b465ee728b)  -> (artifact id: 'a7a4a0d9ab7e6dce5c32da2c8fc027a2') in 0.012819 seconds 
  Import took 0.020673 seconds .

========================================================================
Received Import Request.
  Time since last request: 15.481961 seconds.
  path: Assets/material/negro_mat.mat
  artifactKey: Guid(9bac4f3da27b9854bac3c3cb17c141de) Importer(815301076,1909f56bfc062723c751e8b465ee728b)
Start importing Assets/material/negro_mat.mat using Guid(9bac4f3da27b9854bac3c3cb17c141de) Importer(815301076,1909f56bfc062723c751e8b465ee728b)  -> (artifact id: 'cad7f4844a08fa8291afb2b0a79b4356') in 0.015255 seconds 
  Import took 0.019768 seconds .

========================================================================
Received Import Request.
  Time since last request: 0.000199 seconds.
  path: Assets/material/rojo_mat.mat
  artifactKey: Guid(7244bd2a0dc1d8b4d8d6180e5e2f7451) Importer(815301076,1909f56bfc062723c751e8b465ee728b)
Start importing Assets/material/rojo_mat.mat using Guid(7244bd2a0dc1d8b4d8d6180e5e2f7451) Importer(815301076,1909f56bfc062723c751e8b465ee728b)  -> (artifact id: 'ac84a273f77cbef1729fb1a8d7545269') in 0.024325 seconds 
  Import took 0.029597 seconds .

========================================================================
Received Import Request.
  Time since last request: 0.000204 seconds.
  path: Assets/material/rojo_sangre_mat.mat
  artifactKey: Guid(4d4a1043e9d4fa24b90e95b7c5d1eaf2) Importer(815301076,1909f56bfc062723c751e8b465ee728b)
Start importing Assets/material/rojo_sangre_mat.mat using Guid(4d4a1043e9d4fa24b90e95b7c5d1eaf2) Importer(815301076,1909f56bfc062723c751e8b465ee728b)  -> (artifact id: '63eaa133953aeb4abaf8bc1e64cf9afc') in 0.029455 seconds 
  Import took 0.032739 seconds .

========================================================================
Received Import Request.
  Time since last request: 1045.775098 seconds.
  path: Assets/entregable.unity
  artifactKey: Guid(25ba9b6340a215a4ba4a509bd77422d4) Importer(815301076,1909f56bfc062723c751e8b465ee728b)
Start importing Assets/entregable.unity using Guid(25ba9b6340a215a4ba4a509bd77422d4) Importer(815301076,1909f56bfc062723c751e8b465ee728b)  -> (artifact id: '5f8e4379fa9a6b39482d36f5350f4557') in 0.005064 seconds 
  Import took 0.008286 seconds .

AssetImportWorkerClient::OnTransportError - code=2 error=End of file
